<?xml version="1.0" encoding="UTF-8"?>
<robot generator="Robot 7.3 (Python 3.13.5 on win32)" generated="2025-09-15T11:26:44.922857" rpa="false" schemaversion="5">
<suite id="s1" name="exercicio Tipos Variaveis" source="C:\automacao_qa\CursoUdemy\exercicio_Tipos_Variaveis.robot">
<test id="s1-t1" name="Caso de teste Exercicio" line="12">
<kw name="Email Customizado">
<kw name="Word" owner="FakerLibrary">
<msg time="2025-09-15T11:26:45.502437" level="INFO">${WORD} = my</msg>
<var>${WORD}</var>
<doc>Generate a word.</doc>
<status status="PASS" start="2025-09-15T11:26:45.502270" elapsed="0.000195"/>
</kw>
<variable name="${EMAIL}">
<msg time="2025-09-15T11:26:45.502618" level="INFO">${EMAIL} = TiagoSilvamy@testerobot.com</msg>
<var>${NOME}${SOBRENOME}${WORD}@testerobot.com</var>
<status status="PASS" start="2025-09-15T11:26:45.502517" elapsed="0.000120"/>
</variable>
<return>
<value>${EMAIL}</value>
<status status="PASS" start="2025-09-15T11:26:45.502673" elapsed="0.000033"/>
</return>
<msg time="2025-09-15T11:26:45.502805" level="INFO">${EMAIL_NOVO} = TiagoSilvamy@testerobot.com</msg>
<var>${EMAIL_NOVO}</var>
<arg>${PESSOA.nome}</arg>
<arg>${PESSOA.sobrenome}</arg>
<status status="PASS" start="2025-09-15T11:26:45.501398" elapsed="0.001423"/>
</kw>
<kw name="Log" owner="BuiltIn">
<msg time="2025-09-15T11:26:45.503211" level="INFO">TiagoSilvamy@testerobot.com</msg>
<arg>${EMAIL_NOVO}</arg>
<doc>Logs the given message with the given level.</doc>
<status status="PASS" start="2025-09-15T11:26:45.503105" elapsed="0.000138"/>
</kw>
<status status="PASS" start="2025-09-15T11:26:45.500853" elapsed="0.002505"/>
</test>
<doc>Exdrcicio tipos de variaveis</doc>
<status status="PASS" start="2025-09-15T11:26:44.941151" elapsed="0.562921"/>
</suite>
<statistics>
<total>
<stat pass="1" fail="0" skip="0">All Tests</stat>
</total>
<tag>
</tag>
<suite>
<stat name="exercicio Tipos Variaveis" id="s1" pass="1" fail="0" skip="0">exercicio Tipos Variaveis</stat>
</suite>
</statistics>
<errors>
</errors>
</robot>
