<?xml version="1.0" encoding="UTF-8"?>
<robot generator="Robot 7.3 (Python 3.13.5 on win32)" generated="2025-09-16T11:34:47.326334" rpa="false" schemaversion="5">
<suite id="s1" name="ExemplosEstruturas" source="C:\automacao_qa\CursoUdemy\ExemplosEstruturas">
<suite id="s1-s1" name="UsandoBlocosIF" source="C:\automacao_qa\CursoUdemy\ExemplosEstruturas\UsandoBlocosIF.robot">
<test id="s1-s1-t1" name="01: Exemplo bloco IF" line="12">
<kw name="Log To Console" owner="BuiltIn" type="SETUP">
<arg>${\n}</arg>
<doc>Logs the given message to the console.</doc>
<status status="PASS" start="2025-09-16T11:34:47.412097" elapsed="0.000475"/>
</kw>
<if>
<branch type="IF" condition="${STATUS} &gt; 0">
<kw name="Logar informações quando o status for maior que zero">
<status status="NOT RUN" start="2025-09-16T11:34:47.413167" elapsed="0.000102"/>
</kw>
<kw name="Log" owner="BuiltIn">
<arg>message=Aqui executei um bloco de IF simples, pois a condição dada é VERDADEIRA!!!!</arg>
<arg>console=True</arg>
<doc>Logs the given message with the given level.</doc>
<status status="NOT RUN" start="2025-09-16T11:34:47.413385" elapsed="0.000071"/>
</kw>
<status status="NOT RUN" start="2025-09-16T11:34:47.412841" elapsed="0.000671"/>
</branch>
<status status="PASS" start="2025-09-16T11:34:47.412809" elapsed="0.000746"/>
</if>
<kw name="Log To Console" owner="BuiltIn" type="TEARDOWN">
<arg>${\n}</arg>
<doc>Logs the given message to the console.</doc>
<status status="PASS" start="2025-09-16T11:34:47.413764" elapsed="0.000323"/>
</kw>
<status status="PASS" start="2025-09-16T11:34:47.408913" elapsed="0.005351"/>
</test>
<test id="s1-s1-t2" name="02: Exemplo com dois blocos IF e ELSE" line="18">
<kw name="Log To Console" owner="BuiltIn" type="SETUP">
<arg>${\n}</arg>
<doc>Logs the given message to the console.</doc>
<status status="PASS" start="2025-09-16T11:34:47.428808" elapsed="0.000504"/>
</kw>
<if>
<branch type="IF" condition="${STATUS} &gt; 0">
<kw name="Logar informações quando o status for maior que zero">
<status status="NOT RUN" start="2025-09-16T11:34:47.430249" elapsed="0.000137"/>
</kw>
<kw name="Log" owner="BuiltIn">
<arg>message=Aqui executei um bloco de IF com ELSE e caiu no bloco que corresponde a condição VERDADEIRA!!!!</arg>
<arg>console=True</arg>
<doc>Logs the given message with the given level.</doc>
<status status="NOT RUN" start="2025-09-16T11:34:47.430505" elapsed="0.000081"/>
</kw>
<status status="NOT RUN" start="2025-09-16T11:34:47.429721" elapsed="0.000921"/>
</branch>
<branch type="ELSE">
<kw name="Logar informações quando o status for menor ou igual que zero">
<kw name="Log" owner="BuiltIn">
<msg time="2025-09-16T11:34:47.431254" level="INFO">O STATUS [0] é menor ou igual a zero!</msg>
<arg>O STATUS [${STATUS}] é menor ou igual a zero!</arg>
<doc>Logs the given message with the given level.</doc>
<status status="PASS" start="2025-09-16T11:34:47.431075" elapsed="0.000381"/>
</kw>
<kw name="Log To Console" owner="BuiltIn">
<arg>O STATUS [${STATUS}] é menor ou igual a zero!</arg>
<doc>Logs the given message to the console.</doc>
<status status="PASS" start="2025-09-16T11:34:47.431689" elapsed="0.000646"/>
</kw>
<status status="PASS" start="2025-09-16T11:34:47.430823" elapsed="0.001803"/>
</kw>
<kw name="Log" owner="BuiltIn">
<msg time="2025-09-16T11:34:47.434058" level="INFO">Aqui executei um bloco de IF com ELSE e caiu no bloco que corresponde a condição FALSA!!!!</msg>
<arg>message=Aqui executei um bloco de IF com ELSE e caiu no bloco que corresponde a condição FALSA!!!!</arg>
<arg>console=True</arg>
<doc>Logs the given message with the given level.</doc>
<status status="PASS" start="2025-09-16T11:34:47.432904" elapsed="0.001626"/>
</kw>
<status status="PASS" start="2025-09-16T11:34:47.430687" elapsed="0.003981"/>
</branch>
<status status="PASS" start="2025-09-16T11:34:47.429649" elapsed="0.005067"/>
</if>
<kw name="Log To Console" owner="BuiltIn" type="TEARDOWN">
<arg>${\n}</arg>
<doc>Logs the given message to the console.</doc>
<status status="PASS" start="2025-09-16T11:34:47.435117" elapsed="0.000467"/>
</kw>
<status status="PASS" start="2025-09-16T11:34:47.424039" elapsed="0.011755"/>
</test>
<test id="s1-s1-t3" name="03: Exemplo blocos IF - ELSE IF" line="27">
<kw name="Log To Console" owner="BuiltIn" type="SETUP">
<arg>${\n}</arg>
<doc>Logs the given message to the console.</doc>
<status status="PASS" start="2025-09-16T11:34:47.460964" elapsed="0.000675"/>
</kw>
<if>
<branch type="IF" condition="${STATUS} &gt; 0">
<kw name="Logar informações quando o status for maior que zero">
<status status="NOT RUN" start="2025-09-16T11:34:47.462460" elapsed="0.000092"/>
</kw>
<kw name="Log" owner="BuiltIn">
<arg>message=Aqui executei um bloco de IFs aninhados e caiu no bloco que corresponde a condição VERDADEIRA do primeiro IF!!!!</arg>
<arg>console=True</arg>
<doc>Logs the given message with the given level.</doc>
<status status="NOT RUN" start="2025-09-16T11:34:47.462747" elapsed="0.000089"/>
</kw>
<status status="NOT RUN" start="2025-09-16T11:34:47.462051" elapsed="0.000851"/>
</branch>
<branch type="ELSE IF" condition="${STATUS} &lt; 0">
<kw name="Logar informações quando o status for menor que zero">
<status status="NOT RUN" start="2025-09-16T11:34:47.463261" elapsed="0.000102"/>
</kw>
<kw name="Log" owner="BuiltIn">
<arg>message=Aqui executei um bloco de IFs aninhados e caiu no bloco que corresponde a condição VERDADEIRA do segundo IF!!!!</arg>
<arg>console=True</arg>
<doc>Logs the given message with the given level.</doc>
<status status="NOT RUN" start="2025-09-16T11:34:47.463470" elapsed="0.000084"/>
</kw>
<status status="NOT RUN" start="2025-09-16T11:34:47.462954" elapsed="0.000673"/>
</branch>
<branch type="ELSE IF" condition="${STATUS} == 0">
<kw name="Logar informações quando o status for igual a zero">
<kw name="Log" owner="BuiltIn">
<msg time="2025-09-16T11:34:47.469236" level="INFO">O STATUS [0] é igual a zero!</msg>
<arg>O STATUS [${STATUS}] é igual a zero!</arg>
<doc>Logs the given message with the given level.</doc>
<status status="PASS" start="2025-09-16T11:34:47.464211" elapsed="0.005249"/>
</kw>
<kw name="Log To Console" owner="BuiltIn">
<arg>O STATUS [${STATUS}] é igual a zero!</arg>
<doc>Logs the given message to the console.</doc>
<status status="PASS" start="2025-09-16T11:34:47.469616" elapsed="0.000548"/>
</kw>
<status status="PASS" start="2025-09-16T11:34:47.463956" elapsed="0.006575"/>
</kw>
<kw name="Log" owner="BuiltIn">
<msg time="2025-09-16T11:34:47.471467" level="INFO">Aqui executei um bloco de IFs aninhados e caiu no bloco que corresponde a condição VERDADEIRA do terceiro IF!!!!</msg>
<arg>message=Aqui executei um bloco de IFs aninhados e caiu no bloco que corresponde a condição VERDADEIRA do terceiro IF!!!!</arg>
<arg>console=True</arg>
<doc>Logs the given message with the given level.</doc>
<status status="PASS" start="2025-09-16T11:34:47.470782" elapsed="0.001159"/>
</kw>
<status status="PASS" start="2025-09-16T11:34:47.463668" elapsed="0.008378"/>
</branch>
<branch type="ELSE">
<if>
<branch type="IF" condition="${STATUS} == ${EMPTY}">
<kw name="Fail" owner="BuiltIn">
<arg>O STATUS está vazio!</arg>
<doc>Fails the test with the given message and optionally alters its tags.</doc>
<status status="NOT RUN" start="2025-09-16T11:34:47.472467" elapsed="0.000128"/>
</kw>
<status status="NOT RUN" start="2025-09-16T11:34:47.472290" elapsed="0.000370"/>
</branch>
<branch type="ELSE">
<kw name="Fail" owner="BuiltIn">
<arg>O STATUS ${STATUS} tem um valor desconhecido!</arg>
<doc>Fails the test with the given message and optionally alters its tags.</doc>
<status status="NOT RUN" start="2025-09-16T11:34:47.472850" elapsed="0.000090"/>
</kw>
<status status="NOT RUN" start="2025-09-16T11:34:47.472699" elapsed="0.000295"/>
</branch>
<status status="NOT RUN" start="2025-09-16T11:34:47.472267" elapsed="0.000764"/>
</if>
<status status="NOT RUN" start="2025-09-16T11:34:47.472097" elapsed="0.000954"/>
</branch>
<status status="PASS" start="2025-09-16T11:34:47.462005" elapsed="0.011072"/>
</if>
<kw name="Log To Console" owner="BuiltIn" type="TEARDOWN">
<arg>${\n}</arg>
<doc>Logs the given message to the console.</doc>
<status status="PASS" start="2025-09-16T11:34:47.473423" elapsed="0.000487"/>
</kw>
<status status="PASS" start="2025-09-16T11:34:47.440707" elapsed="0.033433"/>
</test>
<doc>Suíte de exmeplo didático para exemplificar o uso de IF nos testes</doc>
<status status="PASS" start="2025-09-16T11:34:47.394480" elapsed="0.083325"/>
</suite>
<status status="PASS" start="2025-09-16T11:34:47.357246" elapsed="0.124743"/>
</suite>
<statistics>
<total>
<stat pass="3" fail="0" skip="0">All Tests</stat>
</total>
<tag>
</tag>
<suite>
<stat name="ExemplosEstruturas" id="s1" pass="3" fail="0" skip="0">ExemplosEstruturas</stat>
<stat name="UsandoBlocosIF" id="s1-s1" pass="3" fail="0" skip="0">ExemplosEstruturas.UsandoBlocosIF</stat>
</suite>
</statistics>
<errors>
</errors>
</robot>
