<?xml version="1.0" encoding="UTF-8"?>
<robot generator="Robot 7.3 (Python 3.13.5 on win32)" generated="2025-08-13T16:15:59.557385" rpa="false" schemaversion="5">
<suite id="s1" name="Amazon Testes" source="C:\automacao_qa\CursoUdemy\RobotFramework\WebTesting\amazon_testes.robot">
<test id="s1-t1" name="Caso de Teste 01 - Acesso ao menu &quot;Eletrônicos&quot;" line="9">
<kw name="Abrir Navegador" owner="amazon_resource" type="SETUP">
<kw name="Open Browser" owner="SeleniumLibrary">
<msg time="2025-08-13T16:16:01.016664" level="INFO">Opening browser 'edge' to base url 'None'.</msg>
<msg time="2025-08-13T16:16:01.726032" level="WARN">Exception managing MicrosoftEdge: error sending request for url (https://msedgedriver.azureedge.net/LATEST_RELEASE_139_WINDOWS)</msg>
<msg time="2025-08-13T16:16:01.726486" level="WARN">The msedgedriver version (138.0.3351.121) detected in PATH at C:\Python\Python313\Scripts\msedgedriver.exe might not be compatible with the detected MicrosoftEdge version (139.0.3405.86); currently, msedgedriver  is recommended for MicrosoftEdge 139.*, so it is advised to delete the driver in PATH and retry</msg>
<arg>browser=${BROWSER}</arg>
<doc>Opens a new browser instance to the optional ``url``.</doc>
<status status="PASS" start="2025-08-13T16:16:01.016491" elapsed="3.604586"/>
</kw>
<kw name="Maximize Browser Window" owner="SeleniumLibrary">
<doc>Maximizes current browser window.</doc>
<status status="PASS" start="2025-08-13T16:16:04.621337" elapsed="0.037422"/>
</kw>
<doc>Keyword para abrir navegador</doc>
<status status="PASS" start="2025-08-13T16:16:01.016007" elapsed="3.643059"/>
</kw>
<kw name="Acessar a home page do site Amazon.com.br" owner="amazon_resource">
<kw name="Go To" owner="SeleniumLibrary">
<msg time="2025-08-13T16:16:04.660688" level="INFO">Opening url 'https://www.amazon.com.br'</msg>
<arg>url=${URL}</arg>
<doc>Navigates the current browser window to the provided ``url``.</doc>
<status status="PASS" start="2025-08-13T16:16:04.660334" elapsed="1.408476"/>
</kw>
<kw name="Run Keyword And Return Status" owner="BuiltIn">
<kw name="Element Should Be Visible" owner="SeleniumLibrary">
<msg time="2025-08-13T16:16:06.102679" level="INFO">Element '//button[@class='a-button-text' and text()='Continuar comprando']' is displayed.</msg>
<arg>${BOTAO_CONTINUAR}</arg>
<arg>timeout=5s</arg>
<doc>Verifies that the element identified by ``locator`` is visible.</doc>
<status status="PASS" start="2025-08-13T16:16:06.069318" elapsed="0.033553"/>
</kw>
<msg time="2025-08-13T16:16:06.103201" level="INFO">${botao_aparece} = True</msg>
<var>${botao_aparece}</var>
<arg>Element Should Be Visible</arg>
<arg>${BOTAO_CONTINUAR}</arg>
<arg>timeout=5s</arg>
<doc>Runs the given keyword with given arguments and returns the status as a Boolean value.</doc>
<status status="PASS" start="2025-08-13T16:16:06.069071" elapsed="0.034200"/>
</kw>
<if>
<branch type="IF" condition="${botao_aparece}">
<kw name="Click Element" owner="SeleniumLibrary">
<msg time="2025-08-13T16:16:06.104468" level="INFO">Clicking element '//button[@class='a-button-text' and text()='Continuar comprando']'.</msg>
<arg>${BOTAO_CONTINUAR}</arg>
<doc>Click the element identified by ``locator``.</doc>
<status status="PASS" start="2025-08-13T16:16:06.103980" elapsed="0.453452"/>
</kw>
<status status="PASS" start="2025-08-13T16:16:06.103537" elapsed="0.454075"/>
</branch>
<status status="PASS" start="2025-08-13T16:16:06.103471" elapsed="0.454232"/>
</if>
<kw name="Wait Until Element Is Visible" owner="SeleniumLibrary">
<msg time="2025-08-13T16:16:12.671605" level="INFO" html="true">&lt;/td&gt;&lt;/tr&gt;&lt;tr&gt;&lt;td colspan="3"&gt;&lt;a href="selenium-screenshot-22.png"&gt;&lt;img src="selenium-screenshot-22.png" width="800px"&gt;&lt;/a&gt;</msg>
<msg time="2025-08-13T16:16:12.671762" level="FAIL">Element '//a[@href='/Eletronicos-e-Tecnologia/b/?ie=UTF8&amp;node=16209062011&amp;ref_=nav_cs_electronics'][contains(.,'Eletrônicos')]' not visible after 5 seconds.</msg>
<arg>locator=${MENU_ELETRONICOS}</arg>
<doc>Waits until the element ``locator`` is visible.</doc>
<status status="FAIL" start="2025-08-13T16:16:06.557945" elapsed="6.127877">Element '//a[@href='/Eletronicos-e-Tecnologia/b/?ie=UTF8&amp;node=16209062011&amp;ref_=nav_cs_electronics'][contains(.,'Eletrônicos')]' not visible after 5 seconds.</status>
</kw>
<status status="FAIL" start="2025-08-13T16:16:04.659819" elapsed="8.026156">Element '//a[@href='/Eletronicos-e-Tecnologia/b/?ie=UTF8&amp;node=16209062011&amp;ref_=nav_cs_electronics'][contains(.,'Eletrônicos')]' not visible after 5 seconds.</status>
</kw>
<kw name="Entrar no menu &quot;Eletrônicos&quot;" owner="amazon_resource">
<status status="NOT RUN" start="2025-08-13T16:16:12.686515" elapsed="0.000051"/>
</kw>
<kw name="Verificar se aparece a frase &quot;Eletrônicos e Tecnologia&quot;" owner="amazon_resource" source_name="Verificar se aparece a frase &quot;${FRASE}&quot;">
<status status="NOT RUN" start="2025-08-13T16:16:12.686973" elapsed="0.000044"/>
</kw>
<kw name="Verificar se aparece a frase &quot;Música&quot;" owner="amazon_resource" source_name="Verificar se aparece a frase &quot;${FRASE}&quot;">
<status status="NOT RUN" start="2025-08-13T16:16:12.687363" elapsed="0.000046"/>
</kw>
<kw name="Verificar se o título da página fica &quot;Eletrônicos e Tecnologia | Amazon.com.br&quot;" owner="amazon_resource" source_name="Verificar se o título da página fica &quot;${TITULO}&quot;">
<status status="NOT RUN" start="2025-08-13T16:16:12.687871" elapsed="0.000059"/>
</kw>
<kw name="Verificar se aparece a categoria &quot;Computadores e Informática&quot;" owner="amazon_resource" source_name="Verificar se aparece a categoria &quot;${NOME_CATEGORIA}&quot;">
<status status="NOT RUN" start="2025-08-13T16:16:12.688303" elapsed="0.000058"/>
</kw>
<kw name="Verificar se aparece a categoria &quot;Tablets&quot;" owner="amazon_resource" source_name="Verificar se aparece a categoria &quot;${NOME_CATEGORIA}&quot;">
<status status="NOT RUN" start="2025-08-13T16:16:12.688700" elapsed="0.000049"/>
</kw>
<kw name="Fechar Navegador" owner="amazon_resource" type="TEARDOWN">
<kw name="Capture Page Screenshot" owner="SeleniumLibrary">
<msg time="2025-08-13T16:16:12.866643" level="INFO" html="true">&lt;/td&gt;&lt;/tr&gt;&lt;tr&gt;&lt;td colspan="3"&gt;&lt;a href="selenium-screenshot-23.png"&gt;&lt;img src="selenium-screenshot-23.png" width="800px"&gt;&lt;/a&gt;</msg>
<doc>Takes a screenshot of the current page and embeds it into a log file.</doc>
<status status="PASS" start="2025-08-13T16:16:12.689582" elapsed="0.177224"/>
</kw>
<kw name="Close Browser" owner="SeleniumLibrary">
<doc>Closes the current browser.</doc>
<status status="PASS" start="2025-08-13T16:16:12.867057" elapsed="6.070168"/>
</kw>
<doc>Keyword para fechar navegador</doc>
<status status="PASS" start="2025-08-13T16:16:12.689211" elapsed="6.248282"/>
</kw>
<doc>Esse teste verifica o menu eletrônicos do site da amazon.com.br
e verifica a categoria Computadores e Informática</doc>
<tag>categorias</tag>
<tag>menus</tag>
<status status="FAIL" start="2025-08-13T16:16:01.015313" elapsed="17.923397">Element '//a[@href='/Eletronicos-e-Tecnologia/b/?ie=UTF8&amp;node=16209062011&amp;ref_=nav_cs_electronics'][contains(.,'Eletrônicos')]' not visible after 5 seconds.</status>
</test>
<test id="s1-t2" name="Caso de Teste 02 - Pesquisa de um Produto" line="22">
<kw name="Abrir Navegador" owner="amazon_resource" type="SETUP">
<kw name="Open Browser" owner="SeleniumLibrary">
<msg time="2025-08-13T16:16:18.941711" level="INFO">Opening browser 'edge' to base url 'None'.</msg>
<msg time="2025-08-13T16:16:19.496987" level="WARN">Exception managing MicrosoftEdge: error sending request for url (https://msedgedriver.azureedge.net/LATEST_RELEASE_139_WINDOWS)</msg>
<msg time="2025-08-13T16:16:19.497518" level="WARN">The msedgedriver version (138.0.3351.121) detected in PATH at C:\Python\Python313\Scripts\msedgedriver.exe might not be compatible with the detected MicrosoftEdge version (139.0.3405.86); currently, msedgedriver  is recommended for MicrosoftEdge 139.*, so it is advised to delete the driver in PATH and retry</msg>
<arg>browser=${BROWSER}</arg>
<doc>Opens a new browser instance to the optional ``url``.</doc>
<status status="PASS" start="2025-08-13T16:16:18.941464" elapsed="3.083321"/>
</kw>
<kw name="Maximize Browser Window" owner="SeleniumLibrary">
<doc>Maximizes current browser window.</doc>
<status status="PASS" start="2025-08-13T16:16:22.025183" elapsed="0.041549"/>
</kw>
<doc>Keyword para abrir navegador</doc>
<status status="PASS" start="2025-08-13T16:16:18.941096" elapsed="3.125760"/>
</kw>
<kw name="Acessar a home page do site Amazon.com.br" owner="amazon_resource">
<kw name="Go To" owner="SeleniumLibrary">
<msg time="2025-08-13T16:16:22.067830" level="INFO">Opening url 'https://www.amazon.com.br'</msg>
<arg>url=${URL}</arg>
<doc>Navigates the current browser window to the provided ``url``.</doc>
<status status="PASS" start="2025-08-13T16:16:22.067662" elapsed="2.249575"/>
</kw>
<kw name="Run Keyword And Return Status" owner="BuiltIn">
<kw name="Element Should Be Visible" owner="SeleniumLibrary">
<msg time="2025-08-13T16:16:24.486152" level="INFO" html="true">&lt;/td&gt;&lt;/tr&gt;&lt;tr&gt;&lt;td colspan="3"&gt;&lt;a href="selenium-screenshot-24.png"&gt;&lt;img src="selenium-screenshot-24.png" width="800px"&gt;&lt;/a&gt;</msg>
<msg time="2025-08-13T16:16:24.486287" level="FAIL">Element with locator '//button[@class='a-button-text' and text()='Continuar comprando']' not found.</msg>
<arg>${BOTAO_CONTINUAR}</arg>
<arg>timeout=5s</arg>
<doc>Verifies that the element identified by ``locator`` is visible.</doc>
<status status="FAIL" start="2025-08-13T16:16:24.317592" elapsed="0.179328">Element with locator '//button[@class='a-button-text' and text()='Continuar comprando']' not found.</status>
</kw>
<msg time="2025-08-13T16:16:24.497063" level="INFO">${botao_aparece} = False</msg>
<var>${botao_aparece}</var>
<arg>Element Should Be Visible</arg>
<arg>${BOTAO_CONTINUAR}</arg>
<arg>timeout=5s</arg>
<doc>Runs the given keyword with given arguments and returns the status as a Boolean value.</doc>
<status status="PASS" start="2025-08-13T16:16:24.317431" elapsed="0.179654"/>
</kw>
<if>
<branch type="IF" condition="${botao_aparece}">
<kw name="Click Element" owner="SeleniumLibrary">
<arg>${BOTAO_CONTINUAR}</arg>
<doc>Click the element identified by ``locator``.</doc>
<status status="NOT RUN" start="2025-08-13T16:16:24.497303" elapsed="0.000022"/>
</kw>
<status status="NOT RUN" start="2025-08-13T16:16:24.497168" elapsed="0.000183"/>
</branch>
<status status="PASS" start="2025-08-13T16:16:24.497146" elapsed="0.000232"/>
</if>
<kw name="Wait Until Element Is Visible" owner="SeleniumLibrary">
<arg>locator=${MENU_ELETRONICOS}</arg>
<doc>Waits until the element ``locator`` is visible.</doc>
<status status="PASS" start="2025-08-13T16:16:24.497435" elapsed="0.017543"/>
</kw>
<status status="PASS" start="2025-08-13T16:16:22.067357" elapsed="2.447712"/>
</kw>
<kw name="Digitar o nome de produto &quot;Xbox Series S&quot; no campo de pesquisa" owner="amazon_resource" source_name="Digitar o nome de produto &quot;${PRODUTO}&quot; no campo de pesquisa">
<kw name="Input Text" owner="SeleniumLibrary">
<msg time="2025-08-13T16:16:24.515894" level="INFO">Typing text 'Xbox Series S' into text field 'twotabsearchtextbox'.</msg>
<arg>locator=twotabsearchtextbox</arg>
<arg>text=${PRODUTO}</arg>
<doc>Types the given ``text`` into the text field identified by ``locator``.</doc>
<status status="PASS" start="2025-08-13T16:16:24.515736" elapsed="0.118961"/>
</kw>
<status status="PASS" start="2025-08-13T16:16:24.515510" elapsed="0.119393"/>
</kw>
<kw name="Clicar no botão de pesquisa" owner="amazon_resource">
<kw name="Click Button" owner="SeleniumLibrary">
<msg time="2025-08-13T16:16:24.636233" level="INFO">Clicking button 'nav-search-submit-button'.</msg>
<arg>locator=nav-search-submit-button</arg>
<doc>Clicks the button identified by ``locator``.</doc>
<status status="PASS" start="2025-08-13T16:16:24.635974" elapsed="2.698650"/>
</kw>
<status status="PASS" start="2025-08-13T16:16:24.635459" elapsed="2.699312"/>
</kw>
<kw name="Varificaro resultado da pesquisa, listando o produto &quot;Console Xbox Series S&quot;" owner="amazon_resource" source_name="Varificaro resultado da pesquisa, listando o produto &quot;${PRODUTO}&quot;">
<kw name="Wait Until Element Is Visible" owner="SeleniumLibrary">
<arg>locator=(//span[contains(.,'${PRODUTO}')])[3]</arg>
<doc>Waits until the element ``locator`` is visible.</doc>
<status status="PASS" start="2025-08-13T16:16:27.335646" elapsed="0.032253"/>
</kw>
<status status="PASS" start="2025-08-13T16:16:27.335226" elapsed="0.032873"/>
</kw>
<kw name="Fechar Navegador" owner="amazon_resource" type="TEARDOWN">
<kw name="Capture Page Screenshot" owner="SeleniumLibrary">
<msg time="2025-08-13T16:16:27.508199" level="INFO" html="true">&lt;/td&gt;&lt;/tr&gt;&lt;tr&gt;&lt;td colspan="3"&gt;&lt;a href="selenium-screenshot-25.png"&gt;&lt;img src="selenium-screenshot-25.png" width="800px"&gt;&lt;/a&gt;</msg>
<doc>Takes a screenshot of the current page and embeds it into a log file.</doc>
<status status="PASS" start="2025-08-13T16:16:27.369137" elapsed="0.139190"/>
</kw>
<kw name="Close Browser" owner="SeleniumLibrary">
<doc>Closes the current browser.</doc>
<status status="PASS" start="2025-08-13T16:16:27.508585" elapsed="6.130559"/>
</kw>
<doc>Keyword para fechar navegador</doc>
<status status="PASS" start="2025-08-13T16:16:27.368759" elapsed="6.270511"/>
</kw>
<doc>Esse teste verifica a busca de um produto no site da amazon.com.br</doc>
<tag>buscaprodutos</tag>
<tag>listabusca</tag>
<status status="PASS" start="2025-08-13T16:16:18.940460" elapsed="14.699080"/>
</test>
<doc>Essa suite testa o site da Amazon</doc>
<status status="FAIL" start="2025-08-13T16:15:59.588068" elapsed="34.052549"/>
</suite>
<statistics>
<total>
<stat pass="1" fail="1" skip="0">All Tests</stat>
</total>
<tag>
<stat pass="1" fail="0" skip="0">buscaprodutos</stat>
<stat pass="0" fail="1" skip="0">categorias</stat>
<stat pass="1" fail="0" skip="0">listabusca</stat>
<stat pass="0" fail="1" skip="0">menus</stat>
</tag>
<suite>
<stat name="Amazon Testes" id="s1" pass="1" fail="1" skip="0">Amazon Testes</stat>
</suite>
</statistics>
<errors>
<msg time="2025-08-13T16:16:01.726032" level="WARN">Exception managing MicrosoftEdge: error sending request for url (https://msedgedriver.azureedge.net/LATEST_RELEASE_139_WINDOWS)</msg>
<msg time="2025-08-13T16:16:01.726486" level="WARN">The msedgedriver version (138.0.3351.121) detected in PATH at C:\Python\Python313\Scripts\msedgedriver.exe might not be compatible with the detected MicrosoftEdge version (139.0.3405.86); currently, msedgedriver  is recommended for MicrosoftEdge 139.*, so it is advised to delete the driver in PATH and retry</msg>
<msg time="2025-08-13T16:16:19.496987" level="WARN">Exception managing MicrosoftEdge: error sending request for url (https://msedgedriver.azureedge.net/LATEST_RELEASE_139_WINDOWS)</msg>
<msg time="2025-08-13T16:16:19.497518" level="WARN">The msedgedriver version (138.0.3351.121) detected in PATH at C:\Python\Python313\Scripts\msedgedriver.exe might not be compatible with the detected MicrosoftEdge version (139.0.3405.86); currently, msedgedriver  is recommended for MicrosoftEdge 139.*, so it is advised to delete the driver in PATH and retry</msg>
</errors>
</robot>
