<?xml version="1.0" encoding="UTF-8"?>
<robot generator="Robot 7.3 (Python 3.13.5 on win32)" generated="2025-10-09T16:27:14.416160" rpa="false" schemaversion="5">
<suite id="s1" name="SolucaoDesafio ApiTesting" source="C:\automacao_qa\CursoUdemy\RobotFramework\SolucaoDesafio_ApiTesting">
<suite id="s1-s1" name="Tests" source="C:\automacao_qa\CursoUdemy\RobotFramework\SolucaoDesafio_ApiTesting\tests">
<suite id="s1-s1-s1" name="Api Testing Usuarios" source="C:\automacao_qa\CursoUdemy\RobotFramework\SolucaoDesafio_ApiTesting\tests\api_testing_usuarios.robot">
<test id="s1-s1-s1-t1" name="Cenário 04: Logar com o novo usuário criado" line="23">
<kw name="Criar um usuário novo" owner="api_testing_usuarios">
<kw name="Generate Random String" owner="String">
<msg time="2025-10-09T16:27:15.046559" level="INFO">${palavra_aleatoria} = mbVl</msg>
<var>${palavra_aleatoria}</var>
<arg>length=4</arg>
<arg>chars=[LETTERS]</arg>
<doc>Generates a string with a desired ``length`` from the given ``chars``.</doc>
<status status="PASS" start="2025-10-09T16:27:15.046184" elapsed="0.000513"/>
</kw>
<kw name="Convert To Lower Case" owner="String">
<msg time="2025-10-09T16:27:15.047200" level="INFO">${palavra_aleatoria} = mbvl</msg>
<var>${palavra_aleatoria}</var>
<arg>${palavra_aleatoria}</arg>
<doc>Converts string to lower case.</doc>
<status status="PASS" start="2025-10-09T16:27:15.046867" elapsed="0.000438"/>
</kw>
<kw name="Set Test Variable" owner="BuiltIn">
<msg time="2025-10-09T16:27:15.047964" level="INFO">${EMAIL_TESTE} = mbvl@emailteste.com</msg>
<arg>${EMAIL_TESTE}</arg>
<arg>${palavra_aleatoria}@emailteste.com</arg>
<doc>Makes a variable available everywhere within the scope of the current test.</doc>
<status status="PASS" start="2025-10-09T16:27:15.047444" elapsed="0.000632"/>
</kw>
<kw name="Log" owner="BuiltIn">
<msg time="2025-10-09T16:27:15.048603" level="INFO">mbvl@emailteste.com</msg>
<arg>${EMAIL_TESTE}</arg>
<doc>Logs the given message with the given level.</doc>
<status status="PASS" start="2025-10-09T16:27:15.048203" elapsed="0.000550"/>
</kw>
<status status="PASS" start="2025-10-09T16:27:15.045442" elapsed="0.003415"/>
</kw>
<kw name="Cadastrar o usuário criado na ServeRest" owner="api_testing_usuarios">
<kw name="Create Dictionary" owner="BuiltIn">
<msg time="2025-10-09T16:27:15.050022" level="INFO">${body} = {'nome': 'Fulano da Silva', 'email': 'mbvl@emailteste.com', 'password': '1234', 'administrador': 'true'}</msg>
<var>${body}</var>
<arg>nome=Fulano da Silva</arg>
<arg>email=${email}</arg>
<arg>password=1234</arg>
<arg>administrador=true</arg>
<doc>Creates and returns a dictionary based on the given ``items``.</doc>
<status status="PASS" start="2025-10-09T16:27:15.049681" elapsed="0.000499"/>
</kw>
<kw name="Log" owner="BuiltIn">
<msg time="2025-10-09T16:27:15.050555" level="INFO">{'nome': 'Fulano da Silva', 'email': 'mbvl@emailteste.com', 'password': '1234', 'administrador': 'true'}</msg>
<arg>${body}</arg>
<doc>Logs the given message with the given level.</doc>
<status status="PASS" start="2025-10-09T16:27:15.050347" elapsed="0.000327"/>
</kw>
<kw name="Criar Sessão na ServeRest" owner="api_testing_usuarios">
<kw name="Create Dictionary" owner="BuiltIn">
<msg time="2025-10-09T16:27:15.051404" level="INFO">${headers} = {'accept': 'application/json', 'Content-Type': 'application/json'}</msg>
<var>${headers}</var>
<arg>accept=application/json</arg>
<arg>Content-Type=application/json</arg>
<doc>Creates and returns a dictionary based on the given ``items``.</doc>
<status status="PASS" start="2025-10-09T16:27:15.051160" elapsed="0.000340"/>
</kw>
<kw name="Create Session" owner="RequestsLibrary">
<msg time="2025-10-09T16:27:15.051890" level="INFO">Creating Session using : alias=ServeRest, url=https://serverest.dev, headers={'accept': 'application/json', 'Content-Type': 'application/json'},                     cookies={}, auth=None, timeout=None, proxies=None, verify=False,                     debug=0 </msg>
<arg>alias=ServeRest</arg>
<arg>url=https://serverest.dev</arg>
<arg>headers=${headers}</arg>
<doc>Create Session: create a HTTP session to a server</doc>
<status status="PASS" start="2025-10-09T16:27:15.051612" elapsed="0.000511"/>
</kw>
<status status="PASS" start="2025-10-09T16:27:15.050819" elapsed="0.001395"/>
</kw>
<kw name="POST On Session" owner="RequestsLibrary">
<msg time="2025-10-09T16:27:16.217760" level="INFO">POST Request : url=https://serverest.dev/usuarios 
 path_url=/usuarios 
 headers={'User-Agent': 'python-requests/2.32.4', 'Accept-Encoding': 'gzip, deflate', 'accept': 'application/json', 'Connection': 'keep-alive', 'Content-Type': 'application/json', 'Content-Length': '104'} 
 body=b'{"nome": "Fulano da Silva", "email": "mbvl@emailteste.com", "password": "1234", "administrador": "true"}' 
 </msg>
<msg time="2025-10-09T16:27:16.218206" level="INFO">POST Response : url=https://serverest.dev/usuarios 
 status=201, reason=Created 
 headers={'access-control-allow-origin': '*', 'x-dns-prefetch-control': 'off', 'x-frame-options': 'SAMEORIGIN', 'strict-transport-security': 'max-age=15552000; includeSubDomains', 'x-download-options': 'noopen', 'x-content-type-options': 'nosniff', 'x-xss-protection': '1; mode=block', 'content-type': 'application/json; charset=utf-8', 'x-cloud-trace-context': '96f63f89c9698981769c7469831a6a60;o=1', 'date': 'Thu, 09 Oct 2025 19:26:25 GMT', 'server': 'Google Frontend', 'Content-Length': '82'} 
 body={
    "message": "Cadastro realizado com sucesso",
    "_id": "kjPMD5eHdZ2R9XNK"
} 
 </msg>
<msg time="2025-10-09T16:27:16.218345" level="INFO">C:\Python\Python313\Lib\site-packages\urllib3\connectionpool.py:1097: InsecureRequestWarning: Unverified HTTPS request is being made to host 'serverest.dev'. Adding certificate verification is strongly advised. See: https://urllib3.readthedocs.io/en/latest/advanced-usage.html#tls-warnings
  warnings.warn(</msg>
<msg time="2025-10-09T16:27:16.218796" level="INFO">${resposta} = &lt;Response [201]&gt;</msg>
<var>${resposta}</var>
<arg>alias=ServeRest</arg>
<arg>url=/usuarios</arg>
<arg>json=${body}</arg>
<arg>expected_status=${status_code_desejado}</arg>
<doc>Sends a POST request on a previously created HTTP Session.</doc>
<status status="PASS" start="2025-10-09T16:27:15.052310" elapsed="1.166578"/>
</kw>
<kw name="Log" owner="BuiltIn">
<msg time="2025-10-09T16:27:16.219624" level="INFO">{'message': 'Cadastro realizado com sucesso', '_id': 'kjPMD5eHdZ2R9XNK'}</msg>
<arg>${resposta.json()}</arg>
<doc>Logs the given message with the given level.</doc>
<status status="PASS" start="2025-10-09T16:27:16.219064" elapsed="0.000690"/>
</kw>
<kw name="Set Test Variable" owner="BuiltIn">
<msg time="2025-10-09T16:27:16.220762" level="INFO">${ID_USUARIO} = kjPMD5eHdZ2R9XNK</msg>
<arg>${ID_USUARIO}</arg>
<arg>${resposta.json()["_id"]}</arg>
<doc>Makes a variable available everywhere within the scope of the current test.</doc>
<status status="PASS" start="2025-10-09T16:27:16.219912" elapsed="0.001113"/>
</kw>
<kw name="Set Test Variable" owner="BuiltIn">
<msg time="2025-10-09T16:27:16.222040" level="INFO">${RESPOSTA} = {'message': 'Cadastro realizado com sucesso', '_id': 'kjPMD5eHdZ2R9XNK'}</msg>
<arg>${RESPOSTA}</arg>
<arg>${resposta.json()}</arg>
<doc>Makes a variable available everywhere within the scope of the current test.</doc>
<status status="PASS" start="2025-10-09T16:27:16.221182" elapsed="0.001266"/>
</kw>
<arg>email=${EMAIL_TESTE}</arg>
<arg>status_code_desejado=201</arg>
<status status="PASS" start="2025-10-09T16:27:15.049198" elapsed="1.173554"/>
</kw>
<kw name="Realizar Login com o usuário" owner="api_testing_usuarios">
<kw name="Create Dictionary" owner="BuiltIn">
<msg time="2025-10-09T16:27:16.226039" level="INFO">${body} = {'email': 'mbvl@emailteste.com', 'password': '1234'}</msg>
<var>${body}</var>
<arg>email=${EMAIL_TESTE}</arg>
<arg>password=1234</arg>
<doc>Creates and returns a dictionary based on the given ``items``.</doc>
<status status="PASS" start="2025-10-09T16:27:16.224694" elapsed="0.001823"/>
</kw>
<kw name="Criar Sessão na ServeRest" owner="api_testing_usuarios">
<kw name="Create Dictionary" owner="BuiltIn">
<msg time="2025-10-09T16:27:16.227779" level="INFO">${headers} = {'accept': 'application/json', 'Content-Type': 'application/json'}</msg>
<var>${headers}</var>
<arg>accept=application/json</arg>
<arg>Content-Type=application/json</arg>
<doc>Creates and returns a dictionary based on the given ``items``.</doc>
<status status="PASS" start="2025-10-09T16:27:16.227542" elapsed="0.000441"/>
</kw>
<kw name="Create Session" owner="RequestsLibrary">
<msg time="2025-10-09T16:27:16.228724" level="INFO">Creating Session using : alias=ServeRest, url=https://serverest.dev, headers={'accept': 'application/json', 'Content-Type': 'application/json'},                     cookies={}, auth=None, timeout=None, proxies=None, verify=False,                     debug=0 </msg>
<arg>alias=ServeRest</arg>
<arg>url=https://serverest.dev</arg>
<arg>headers=${headers}</arg>
<doc>Create Session: create a HTTP session to a server</doc>
<status status="PASS" start="2025-10-09T16:27:16.228258" elapsed="0.001028"/>
</kw>
<status status="PASS" start="2025-10-09T16:27:16.226844" elapsed="0.002603"/>
</kw>
<kw name="POST On Session" owner="RequestsLibrary">
<msg time="2025-10-09T16:27:16.620080" level="INFO">POST Request : url=https://serverest.dev/login 
 path_url=/login 
 headers={'User-Agent': 'python-requests/2.32.4', 'Accept-Encoding': 'gzip, deflate', 'accept': 'application/json', 'Connection': 'keep-alive', 'Content-Type': 'application/json', 'Content-Length': '52'} 
 body=b'{"email": "mbvl@emailteste.com", "password": "1234"}' 
 </msg>
<msg time="2025-10-09T16:27:16.620405" level="INFO">POST Response : url=https://serverest.dev/login 
 status=200, reason=OK 
 headers={'access-control-allow-origin': '*', 'x-dns-prefetch-control': 'off', 'x-frame-options': 'SAMEORIGIN', 'strict-transport-security': 'max-age=15552000; includeSubDomains', 'x-download-options': 'noopen', 'x-content-type-options': 'nosniff', 'x-xss-protection': '1; mode=block', 'content-type': 'application/json; charset=utf-8', 'x-cloud-trace-context': 'ad8cf8cfa36e509e0ad362e632b59ba2', 'date': 'Thu, 09 Oct 2025 19:26:26 GMT', 'server': 'Google Frontend', 'Content-Length': '272'} 
 body={
    "message": "Login realizado com sucesso",
    "authorization": "Bearer eyJhbGciOiJIUzI1NiIsInR5cCI6IkpXVCJ9.eyJlbWFpbCI6Im1idmxAZW1haWx0ZXN0ZS5jb20iLCJwYXNzd29yZCI6IjEyMzQiLCJpYXQiOjE3NjAwMzc5ODYsImV4cCI6MTc2MDAzODU4Nn0.k5VuMlM4UfzHxzO7bPl_mNdieKgk3X-d2AlmYAvAxnM"
} 
 </msg>
<msg time="2025-10-09T16:27:16.620599" level="INFO">C:\Python\Python313\Lib\site-packages\urllib3\connectionpool.py:1097: InsecureRequestWarning: Unverified HTTPS request is being made to host 'serverest.dev'. Adding certificate verification is strongly advised. See: https://urllib3.readthedocs.io/en/latest/advanced-usage.html#tls-warnings
  warnings.warn(</msg>
<msg time="2025-10-09T16:27:16.621195" level="INFO">${resposta} = &lt;Response [200]&gt;</msg>
<var>${resposta}</var>
<arg>alias=ServeRest</arg>
<arg>url=/login</arg>
<arg>json=${body}</arg>
<arg>expected_status=200</arg>
<doc>Sends a POST request on a previously created HTTP Session.</doc>
<status status="PASS" start="2025-10-09T16:27:16.229569" elapsed="0.391987"/>
</kw>
<kw name="Set Test Variable" owner="BuiltIn">
<msg time="2025-10-09T16:27:16.623283" level="INFO">${RESPOSTA} = {'message': 'Login realizado com sucesso', 'authorization': 'Bearer eyJhbGciOiJIUzI1NiIsInR5cCI6IkpXVCJ9.eyJlbWFpbCI6Im1idmxAZW1haWx0ZXN0ZS5jb20iLCJwYXNzd29yZCI6IjEyMzQiLCJpYXQiOjE3NjAwMzc5ODYsImV4cCI...</msg>
<arg>${RESPOSTA}</arg>
<arg>${resposta.json()}</arg>
<doc>Makes a variable available everywhere within the scope of the current test.</doc>
<status status="PASS" start="2025-10-09T16:27:16.621973" elapsed="0.001753"/>
</kw>
<status status="PASS" start="2025-10-09T16:27:16.223697" elapsed="0.400313"/>
</kw>
<kw name="Conferir se o Login ocorreu com sucesso" owner="api_testing_usuarios">
<kw name="Log" owner="BuiltIn">
<msg time="2025-10-09T16:27:16.626644" level="INFO">{'message': 'Login realizado com sucesso', 'authorization': 'Bearer eyJhbGciOiJIUzI1NiIsInR5cCI6IkpXVCJ9.eyJlbWFpbCI6Im1idmxAZW1haWx0ZXN0ZS5jb20iLCJwYXNzd29yZCI6IjEyMzQiLCJpYXQiOjE3NjAwMzc5ODYsImV4cCI6MTc2MDAzODU4Nn0.k5VuMlM4UfzHxzO7bPl_mNdieKgk3X-d2AlmYAvAxnM'}</msg>
<arg>${RESPOSTA}</arg>
<doc>Logs the given message with the given level.</doc>
<status status="PASS" start="2025-10-09T16:27:16.625985" elapsed="0.001283"/>
</kw>
<kw name="Dictionary Should Contain Item" owner="Collections">
<arg>${RESPOSTA}</arg>
<arg>message</arg>
<arg>Login realizado com sucesso</arg>
<doc>An item of ``key`` / ``value`` must be found in a ``dictionary``.</doc>
<status status="PASS" start="2025-10-09T16:27:16.627572" elapsed="0.000598"/>
</kw>
<kw name="Dictionary Should Contain Key" owner="Collections">
<arg>${RESPOSTA}</arg>
<arg>authorization</arg>
<doc>Fails if ``key`` is not found from ``dictionary``.</doc>
<status status="PASS" start="2025-10-09T16:27:16.628406" elapsed="0.000446"/>
</kw>
<status status="PASS" start="2025-10-09T16:27:16.624707" elapsed="0.004300"/>
</kw>
<status status="PASS" start="2025-10-09T16:27:15.041018" elapsed="1.588361"/>
</test>
<status status="PASS" start="2025-10-09T16:27:14.487355" elapsed="2.148925"/>
</suite>
<status status="PASS" start="2025-10-09T16:27:14.483783" elapsed="2.160027"/>
</suite>
<status status="PASS" start="2025-10-09T16:27:14.449344" elapsed="2.199671"/>
</suite>
<statistics>
<total>
<stat pass="1" fail="0" skip="0">All Tests</stat>
</total>
<tag>
</tag>
<suite>
<stat name="SolucaoDesafio ApiTesting" id="s1" pass="1" fail="0" skip="0">SolucaoDesafio ApiTesting</stat>
<stat name="Tests" id="s1-s1" pass="1" fail="0" skip="0">SolucaoDesafio ApiTesting.Tests</stat>
<stat name="Api Testing Usuarios" id="s1-s1-s1" pass="1" fail="0" skip="0">SolucaoDesafio ApiTesting.Tests.Api Testing Usuarios</stat>
</suite>
</statistics>
<errors>
</errors>
</robot>
